   Compiling proc-macro2 v1.0.106
   Compiling unicode-ident v1.0.24
   Compiling quote v1.0.45
   Compiling libc v0.2.183
   Compiling stable_deref_trait v1.2.1
   Compiling find-msvc-tools v0.1.9
   Compiling shlex v1.3.0
   Compiling pkg-config v0.3.32
   Compiling vcpkg v0.2.15
   Compiling litemap v0.8.1
   Compiling writeable v0.6.2
   Compiling icu_properties_data v2.1.2
   Compiling icu_normalizer_data v2.1.1
   Compiling smallvec v1.15.1
   Compiling utf8parse v0.2.2
   Compiling anstyle v1.0.14
   Compiling colorchoice v1.0.5
   Compiling anstyle-parse v1.0.0
   Compiling anstyle-query v1.1.5
   Compiling is_terminal_polyfill v1.70.2
   Compiling heck v0.5.0
   Compiling clap_lex v1.1.0
   Compiling strsim v0.11.1
   Compiling percent-encoding v2.3.2
   Compiling utf8_iter v1.0.4
   Compiling anstream v1.0.0
   Compiling log v0.4.29
   Compiling bitflags v2.11.0
   Compiling form_urlencoded v1.2.2
   Compiling clap_builder v4.6.0
   Compiling jobserver v0.1.34
   Compiling syn v2.0.117
   Compiling cc v1.2.57
   Compiling openssl-sys v0.9.112
   Compiling libz-sys v1.1.25
   Compiling libssh2-sys v0.3.1
   Compiling libgit2-sys v0.18.3+1.9.2
   Compiling synstructure v0.13.2
   Compiling zerofrom-derive v0.1.6
   Compiling yoke-derive v0.8.1
   Compiling zerovec-derive v0.11.2
   Compiling displaydoc v0.2.5
   Compiling clap_derive v4.6.0
   Compiling zerofrom v0.1.6
   Compiling yoke v0.8.1
   Compiling zerovec v0.11.5
   Compiling zerotrie v0.2.3
   Compiling tinystr v0.8.2
   Compiling potential_utf v0.1.4
   Compiling icu_collections v2.1.1
   Compiling icu_locale_core v2.1.1
   Compiling clap v4.6.0
   Compiling clap-markdown v0.1.5
   Compiling icu_provider v2.1.1
   Compiling icu_properties v2.1.2
   Compiling icu_normalizer v2.1.1
   Compiling idna_adapter v1.2.1
   Compiling idna v1.1.0
   Compiling url v2.5.8
   Compiling git2 v0.20.4
   Compiling submodule-kit v0.2.2 (/private/tmp/cf2-submodule-kit)
    Finished `dev` profile [unoptimized + debuginfo] target(s) in 3m 06s
