    Checking stable_deref_trait v1.2.1
    Checking writeable v0.6.2
    Checking litemap v0.8.1
    Checking smallvec v1.15.1
    Checking utf8parse v0.2.2
   Compiling libc v0.2.183
    Checking is_terminal_polyfill v1.70.2
    Checking icu_properties_data v2.1.2
    Checking icu_normalizer_data v2.1.1
    Checking zerofrom v0.1.6
    Checking anstyle v1.0.14
    Checking colorchoice v1.0.5
    Checking anstyle-parse v1.0.0
    Checking anstyle-query v1.1.5
    Checking percent-encoding v2.3.2
    Checking clap_lex v1.1.0
    Checking yoke v0.8.1
    Checking utf8_iter v1.0.4
    Checking strsim v0.11.1
    Checking form_urlencoded v1.2.2
    Checking log v0.4.29
    Checking bitflags v2.11.0
    Checking anstream v1.0.0
    Checking zerovec v0.11.5
    Checking zerotrie v0.2.3
    Checking clap_builder v4.6.0
   Compiling jobserver v0.1.34
   Compiling cc v1.2.57
    Checking tinystr v0.8.2
    Checking potential_utf v0.1.4
    Checking icu_collections v2.1.1
    Checking icu_locale_core v2.1.1
    Checking icu_provider v2.1.1
    Checking icu_normalizer v2.1.1
    Checking icu_properties v2.1.2
   Compiling libz-sys v1.1.25
   Compiling openssl-sys v0.9.112
   Compiling libssh2-sys v0.3.1
   Compiling libgit2-sys v0.18.3+1.9.2
    Checking clap v4.6.0
    Checking clap-markdown v0.1.5
    Checking idna_adapter v1.2.1
    Checking idna v1.1.0
    Checking url v2.5.8
    Checking git2 v0.20.4
    Checking submodule-kit v0.2.2 (/private/tmp/cf2-submodule-kit)
    Finished `dev` profile [unoptimized + debuginfo] target(s) in 1m 52s
